<?xml version="1.0" encoding="utf-8"?>
<TestRun id="e53dca46-cd5f-4751-9047-2be6d0d95550" name="gclynch@TU-3P78063 2022-09-21 19:10:46" runUser="STF\gclynch" xmlns="http://microsoft.com/schemas/VisualStudio/TeamTest/2010">
  <Times creation="2022-09-21T19:10:46.7893501+01:00" queuing="2022-09-21T19:10:46.7893503+01:00" start="2022-09-21T19:10:45.8415466+01:00" finish="2022-09-21T19:10:46.7945807+01:00" />
  <TestSettings name="default" id="b3528ae9-e2f4-49c6-b180-ffd3d33adaf4">
    <Deployment runDeploymentRoot="gclynch_TU-3P78063_2022-09-21_19_10_46" />
  </TestSettings>
  <Results>
    <UnitTestResult executionId="ae1c623d-4593-4413-a38e-926a5ded880b" testId="cdb02baf-784a-9d50-1699-a31dbd3e399a" testName="WithdrawMoneyWhenThereIsNoOverdraftFacility" computerName="TU-3P78063" duration="00:00:00.0289830" startTime="2022-09-21T19:10:46.5701928+01:00" endTime="2022-09-21T19:10:46.5991113+01:00" testType="13cdc9d9-ddb5-4fa4-a97d-d965ccfc6d4b" outcome="Passed" testListId="8c84fa94-04c1-424b-9868-57a2d4851a1d" relativeResultsDirectory="ae1c623d-4593-4413-a38e-926a5ded880b">
      <Output>
        <StdOut>Given the balance on my account is 100&#xD;
-&gt; done: WithdrawFeatureSteps.GivenTheBalanceOnMyAccountIs(100) (0.0s)&#xD;
When I withdraw 75&#xD;
-&gt; done: WithdrawFeatureSteps.WhenIWithdraw(75) (0.0s)&#xD;
Then the balance on the account should be 25&#xD;
-&gt; done: WithdrawFeatureSteps.ThenTheBalanceOnTheAccountShouldBe(25) (0.0s)</StdOut>
      </Output>
    </UnitTestResult>
    <UnitTestResult executionId="24c68a12-7cbd-425f-a8ba-c06938de3cbe" testId="afc1a04d-29ee-9450-622c-cea13756eb2b" testName="WithdrawMoneyWhenThereIsThereIsAnOverdraftFacility" computerName="TU-3P78063" duration="00:00:00.0012070" startTime="2022-09-21T19:10:46.6003026+01:00" endTime="2022-09-21T19:10:46.6015095+01:00" testType="13cdc9d9-ddb5-4fa4-a97d-d965ccfc6d4b" outcome="Passed" testListId="8c84fa94-04c1-424b-9868-57a2d4851a1d" relativeResultsDirectory="24c68a12-7cbd-425f-a8ba-c06938de3cbe">
      <Output>
        <StdOut>Given the balance on my account is 200&#xD;
-&gt; done: WithdrawFeatureSteps.GivenTheBalanceOnMyAccountIs(200) (0.0s)&#xD;
And there is an overdraft limit of 500 on the account&#xD;
-&gt; done: WithdrawFeatureSteps.GivenThereIsAnOverdraftLimitOfOnTheAccount(500) (0.0s)&#xD;
When I withdraw 300&#xD;
-&gt; done: WithdrawFeatureSteps.WhenIWithdraw(300) (0.0s)&#xD;
Then the balance on the account should be -100&#xD;
-&gt; done: WithdrawFeatureSteps.ThenTheBalanceOnTheAccountShouldBe(-100) (0.0s)</StdOut>
      </Output>
    </UnitTestResult>
  </Results>
  <TestDefinitions>
    <UnitTest name="WithdrawMoneyWhenThereIsNoOverdraftFacility" storage="c:\gc\bank ci 2022\bankacceptancetest\bin\debug\net6.0\bankacceptancetest.dll" id="cdb02baf-784a-9d50-1699-a31dbd3e399a">
      <Execution id="ae1c623d-4593-4413-a38e-926a5ded880b" />
      <TestMethod codeBase="C:\GC\Bank CI 2022\BankAcceptanceTest\bin\Debug\net6.0\BankAcceptanceTest.dll" adapterTypeName="executor://nunit3testexecutor/" className="BankAcceptanceTest.Features.WithdrawFeatureFeature" name="WithdrawMoneyWhenThereIsNoOverdraftFacility" />
    </UnitTest>
    <UnitTest name="WithdrawMoneyWhenThereIsThereIsAnOverdraftFacility" storage="c:\gc\bank ci 2022\bankacceptancetest\bin\debug\net6.0\bankacceptancetest.dll" id="afc1a04d-29ee-9450-622c-cea13756eb2b">
      <Execution id="24c68a12-7cbd-425f-a8ba-c06938de3cbe" />
      <TestMethod codeBase="C:\GC\Bank CI 2022\BankAcceptanceTest\bin\Debug\net6.0\BankAcceptanceTest.dll" adapterTypeName="executor://nunit3testexecutor/" className="BankAcceptanceTest.Features.WithdrawFeatureFeature" name="WithdrawMoneyWhenThereIsThereIsAnOverdraftFacility" />
    </UnitTest>
  </TestDefinitions>
  <TestEntries>
    <TestEntry testId="cdb02baf-784a-9d50-1699-a31dbd3e399a" executionId="ae1c623d-4593-4413-a38e-926a5ded880b" testListId="8c84fa94-04c1-424b-9868-57a2d4851a1d" />
    <TestEntry testId="afc1a04d-29ee-9450-622c-cea13756eb2b" executionId="24c68a12-7cbd-425f-a8ba-c06938de3cbe" testListId="8c84fa94-04c1-424b-9868-57a2d4851a1d" />
  </TestEntries>
  <TestLists>
    <TestList name="Results Not in a List" id="8c84fa94-04c1-424b-9868-57a2d4851a1d" />
    <TestList name="All Loaded Results" id="19431567-8539-422a-85d7-44ee4e166bda" />
  </TestLists>
  <ResultSummary outcome="Completed">
    <Counters total="2" executed="2" passed="2" failed="0" error="0" timeout="0" aborted="0" inconclusive="0" passedButRunAborted="0" notRunnable="0" notExecuted="0" disconnected="0" warning="0" completed="0" inProgress="0" pending="0" />
    <Output>
      <StdOut>NUnit Adapter 4.1.0.0: Test execution started&#xD;
Running all tests in C:\GC\Bank CI 2022\BankAcceptanceTest\bin\Debug\net6.0\BankAcceptanceTest.dll&#xD;
   NUnit3TestExecutor discovered 2 of 2 NUnit test cases using Current Discovery mode, Non-Explicit run&#xD;
Given the balance on my account is 100&#xD;
-&gt; done: WithdrawFeatureSteps.GivenTheBalanceOnMyAccountIs(100) (0.0s)&#xD;
When I withdraw 75&#xD;
-&gt; done: WithdrawFeatureSteps.WhenIWithdraw(75) (0.0s)&#xD;
Then the balance on the account should be 25&#xD;
-&gt; done: WithdrawFeatureSteps.ThenTheBalanceOnTheAccountShouldBe(25) (0.0s)&#xD;
&#xD;
Given the balance on my account is 200&#xD;
-&gt; done: WithdrawFeatureSteps.GivenTheBalanceOnMyAccountIs(200) (0.0s)&#xD;
And there is an overdraft limit of 500 on the account&#xD;
-&gt; done: WithdrawFeatureSteps.GivenThereIsAnOverdraftLimitOfOnTheAccount(500) (0.0s)&#xD;
When I withdraw 300&#xD;
-&gt; done: WithdrawFeatureSteps.WhenIWithdraw(300) (0.0s)&#xD;
Then the balance on the account should be -100&#xD;
-&gt; done: WithdrawFeatureSteps.ThenTheBalanceOnTheAccountShouldBe(-100) (0.0s)&#xD;
&#xD;
NUnit Adapter 4.1.0.0: Test execution complete&#xD;
</StdOut>
    </Output>
  </ResultSummary>
</TestRun>